  i3dDTH.cpp
D:\Users\Daniel\Projectspace\iso_cpp\iron_opti\IronDTH\i3dDTH.cpp(34,4): warning C4551: function call missing argument list
D:\Users\Daniel\Projectspace\iso_cpp\iron_opti\IronDTH\i3dDTH.cpp(38,13): warning C4002: too many arguments for function-like macro invocation 'TEXT'
D:\Users\Daniel\Projectspace\iso_cpp\iron_opti\IronDTH\i3dDTH.cpp(38,13): warning C4473: 'wprintf' : not enough arguments passed for format string
D:\Users\Daniel\Projectspace\iso_cpp\iron_opti\IronDTH\i3dDTH.cpp(38,13): message : placeholders and their parameters expect 1 variadic arguments, but 0 were provided
D:\Users\Daniel\Projectspace\iso_cpp\iron_opti\IronDTH\i3dDTH.cpp(38,13): message : the missing variadic argument 1 is required by format string '%s'
D:\Users\Daniel\Projectspace\iso_cpp\iron_opti\IronDTH\i3dDTH.cpp(104,1): warning C4477: 'printf' : format string '%s' requires an argument of type 'char *', but variadic argument 1 has type 'WCHAR *'
D:\Users\Daniel\Projectspace\iso_cpp\iron_opti\IronDTH\i3dDTH.cpp(104,1): message : consider using '%ls' in the format string
D:\Users\Daniel\Projectspace\iso_cpp\iron_opti\IronDTH\i3dDTH.cpp(104,1): message : consider using '%lls' in the format string
D:\Users\Daniel\Projectspace\iso_cpp\iron_opti\IronDTH\i3dDTH.cpp(104,1): message : consider using '%Ls' in the format string
D:\Users\Daniel\Projectspace\iso_cpp\iron_opti\IronDTH\i3dDTH.cpp(104,1): message : consider using '%ws' in the format string
D:\Users\Daniel\Projectspace\iso_cpp\iron_opti\IronDTH\i3dDTH.cpp(104,1): warning C4477: 'printf' : format string '%s' requires an argument of type 'char *', but variadic argument 2 has type 'WCHAR *'
D:\Users\Daniel\Projectspace\iso_cpp\iron_opti\IronDTH\i3dDTH.cpp(104,1): message : consider using '%ls' in the format string
D:\Users\Daniel\Projectspace\iso_cpp\iron_opti\IronDTH\i3dDTH.cpp(104,1): message : consider using '%lls' in the format string
D:\Users\Daniel\Projectspace\iso_cpp\iron_opti\IronDTH\i3dDTH.cpp(104,1): message : consider using '%Ls' in the format string
D:\Users\Daniel\Projectspace\iso_cpp\iron_opti\IronDTH\i3dDTH.cpp(104,1): message : consider using '%ws' in the format string
D:\Users\Daniel\Projectspace\iso_cpp\iron_opti\IronDTH\i3dDTH.cpp(104,1): warning C4473: 'printf' : not enough arguments passed for format string
D:\Users\Daniel\Projectspace\iso_cpp\iron_opti\IronDTH\i3dDTH.cpp(104,1): message : placeholders and their parameters expect 11 variadic arguments, but 7 were provided
D:\Users\Daniel\Projectspace\iso_cpp\iron_opti\IronDTH\i3dDTH.cpp(104,1): message : the missing variadic argument 8 is required by format string '%04X'
D:\Users\Daniel\Projectspace\iso_cpp\iron_opti\IronDTH\i3dDTH.cpp(138,1): warning C4473: 'printf' : not enough arguments passed for format string
D:\Users\Daniel\Projectspace\iso_cpp\iron_opti\IronDTH\i3dDTH.cpp(138,1): message : placeholders and their parameters expect 4 variadic arguments, but 0 were provided
D:\Users\Daniel\Projectspace\iso_cpp\iron_opti\IronDTH\i3dDTH.cpp(138,1): message : the missing variadic argument 1 is required by format string '%x'
